This file contains any messages produced by compilers while
running configure, to aid debugging if configure makes a mistake.

It was created by configure, which was
generated by GNU Autoconf 2.69.  Invocation command line was

  $ ../SDL2_image-2.0.1/configure --prefix=/Users/phmoulin/project/git_cv/rt/SDL2

## --------- ##
## Platform. ##
## --------- ##

hostname = e2r1p14.42.fr
uname -m = x86_64
uname -r = 16.7.0
uname -s = Darwin
uname -v = Darwin Kernel Version 16.7.0: Thu Jun 15 17:36:27 PDT 2017; root:xnu-3789.70.16~2/RELEASE_X86_64

/usr/bin/uname -p = i386
/bin/uname -X     = unknown

/bin/arch              = unknown
/usr/bin/arch -k       = unknown
/usr/convex/getsysinfo = unknown
/usr/bin/hostinfo      = Mach kernel version:
	 Darwin Kernel Version 16.7.0: Thu Jun 15 17:36:27 PDT 2017; root:xnu-3789.70.16~2/RELEASE_X86_64
Kernel configured for up to 4 processors.
4 processors are physically available.
4 processors are logically available.
Processor type: i486 (Intel 80486)
Processors active: 0 1 2 3
Primary memory available: 8.00 gigabytes
Default processor set: 374 tasks, 1474 threads, 4 processors
Load average: 3.74, Mach factor: 0.54
/bin/machine           = unknown
/usr/bin/oslevel       = unknown
/bin/universe          = unknown

PATH: /usr/bin
PATH: /bin
PATH: /usr/sbin
PATH: /sbin
PATH: /usr/local/bin
PATH: /usr/local/munki
PATH: /Library/TeX/texbin


## ----------- ##
## Core tests. ##
## ----------- ##

configure:2547: checking build system type
configure:2561: result: x86_64-apple-darwin16.7.0
configure:2581: checking host system type
configure:2594: result: x86_64-apple-darwin16.7.0
configure:2662: checking for gcc
configure:2678: found /usr/bin/gcc
configure:2689: result: gcc
configure:2918: checking for C compiler version
configure:2927: gcc --version >&5
Apple LLVM version 9.0.0 (clang-900.0.38)
Target: x86_64-apple-darwin16.7.0
Thread model: posix
InstalledDir: /Applications/Xcode.app/Contents/Developer/Toolchains/XcodeDefault.xctoolchain/usr/bin
Configured with: --prefix=/Applications/Xcode.app/Contents/Developer/usr --with-gxx-include-dir=/usr/include/c++/4.2.1
configure:2938: $? = 0
configure:2927: gcc -v >&5
Configured with: --prefix=/Applications/Xcode.app/Contents/Developer/usr --with-gxx-include-dir=/usr/include/c++/4.2.1
Apple LLVM version 9.0.0 (clang-900.0.38)
Target: x86_64-apple-darwin16.7.0
Thread model: posix
InstalledDir: /Applications/Xcode.app/Contents/Developer/Toolchains/XcodeDefault.xctoolchain/usr/bin
configure:2938: $? = 0
configure:2927: gcc -V >&5
clang: error: argument to '-V' is missing (expected 1 value)
clang: error: no input files
configure:2938: $? = 1
configure:2927: gcc -qversion >&5
clang: error: unknown argument: '-qversion'
clang: error: no input files
configure:2938: $? = 1
configure:2958: checking whether the C compiler works
configure:2980: gcc    conftest.c  >&5
configure:2984: $? = 0
configure:3032: result: yes
configure:3035: checking for C compiler default output file name
configure:3037: result: a.out
configure:3043: checking for suffix of executables
configure:3050: gcc -o conftest    conftest.c  >&5
configure:3054: $? = 0
configure:3076: result: 
configure:3098: checking whether we are cross compiling
configure:3106: gcc -o conftest    conftest.c  >&5
configure:3110: $? = 0
configure:3117: ./conftest
configure:3121: $? = 0
configure:3136: result: no
configure:3141: checking for suffix of object files
configure:3163: gcc -c   conftest.c >&5
configure:3167: $? = 0
configure:3188: result: o
configure:3192: checking whether we are using the GNU C compiler
configure:3211: gcc -c   conftest.c >&5
configure:3211: $? = 0
configure:3220: result: yes
configure:3229: checking whether gcc accepts -g
configure:3249: gcc -c -g  conftest.c >&5
configure:3249: $? = 0
configure:3290: result: yes
configure:3307: checking for gcc option to accept ISO C89
configure:3370: gcc  -c -g -O2  conftest.c >&5
configure:3370: $? = 0
configure:3383: result: none needed
configure:3403: checking for a sed that does not truncate output
configure:3467: result: /usr/bin/sed
configure:3485: checking for grep that handles long lines and -e
configure:3543: result: /usr/bin/grep
configure:3548: checking for egrep
configure:3610: result: /usr/bin/grep -E
configure:3615: checking for fgrep
configure:3677: result: /usr/bin/grep -F
configure:3712: checking for ld used by gcc
configure:3779: result: /Applications/Xcode.app/Contents/Developer/Toolchains/XcodeDefault.xctoolchain/usr/bin/ld
configure:3786: checking if the linker (/Applications/Xcode.app/Contents/Developer/Toolchains/XcodeDefault.xctoolchain/usr/bin/ld) is GNU ld
configure:3801: result: no
configure:3813: checking for BSD- or MS-compatible name lister (nm)
configure:3862: result: /usr/bin/nm -B
configure:3980: checking the name lister (/usr/bin/nm -B) interface
configure:3987: gcc -c -g -O2  conftest.c >&5
configure:3990: /usr/bin/nm -B "conftest.o"
configure:3993: output
00000000000001d0 S _some_variable
configure:4000: result: BSD nm
configure:4003: checking whether ln -s works
configure:4007: result: yes
configure:4015: checking the maximum length of command line arguments
configure:4141: result: 196608
configure:4158: checking whether the shell understands some XSI constructs
configure:4168: result: yes
configure:4172: checking whether the shell understands "+="
configure:4178: result: yes
configure:4213: checking for /Applications/Xcode.app/Contents/Developer/Toolchains/XcodeDefault.xctoolchain/usr/bin/ld option to reload object files
configure:4220: result: -r
configure:4289: checking for objdump
configure:4305: found /usr/bin/objdump
configure:4316: result: objdump
configure:4345: checking how to recognize dependent libraries
configure:4543: result: pass_all
configure:4603: checking for ar
configure:4619: found /usr/bin/ar
configure:4630: result: ar
configure:4708: checking for strip
configure:4724: found /usr/bin/strip
configure:4735: result: strip
configure:4807: checking for ranlib
configure:4823: found /usr/bin/ranlib
configure:4834: result: ranlib
configure:4924: checking command to parse /usr/bin/nm -B output from gcc object
configure:5042: gcc -c -g -O2  conftest.c >&5
configure:5045: $? = 0
configure:5049: /usr/bin/nm -B conftest.o \| sed -n -e 's/^.*[	 ]\([BCDEGRST][BCDEGRST]*\)[	 ][	 ]*\([_A-Za-z][_A-Za-z0-9]*\)$/\1 \2 \2/p' \> conftest.nm
configure:5052: $? = 0
cannot find nm_test_var in conftest.nm
configure:5042: gcc -c -g -O2  conftest.c >&5
configure:5045: $? = 0
configure:5049: /usr/bin/nm -B conftest.o \| sed -n -e 's/^.*[	 ]\([BCDEGRST][BCDEGRST]*\)[	 ][	 ]*_\([_A-Za-z][_A-Za-z0-9]*\)$/\1 _\2 \2/p' \> conftest.nm
configure:5052: $? = 0
configure:5106: gcc -o conftest -g -O2   conftest.c conftstm.o >&5
warning: (x86_64)  could not find object file symbol for symbol _main
configure:5109: $? = 0
configure:5147: result: ok
configure:5412: checking for dsymutil
configure:5428: found /usr/bin/dsymutil
configure:5439: result: dsymutil
configure:5504: checking for nmedit
configure:5520: found /usr/bin/nmedit
configure:5531: result: nmedit
configure:5596: checking for lipo
configure:5612: found /usr/bin/lipo
configure:5623: result: lipo
configure:5688: checking for otool
configure:5704: found /usr/bin/otool
configure:5715: result: otool
configure:5780: checking for otool64
configure:5810: result: no
configure:5855: checking for -single_module linker flag
gcc -g -O2  -o libconftest.dylib -dynamiclib -Wl,-single_module conftest.c
configure:5882: result: yes
configure:5884: checking for -exported_symbols_list linker flag
configure:5904: gcc -o conftest -g -O2   -Wl,-exported_symbols_list,conftest.sym conftest.c  >&5
configure:5904: $? = 0
configure:5914: result: yes
configure:5956: checking how to run the C preprocessor
configure:5987: gcc -E  conftest.c
configure:5987: $? = 0
configure:6001: gcc -E  conftest.c
conftest.c:9:10: fatal error: 'ac_nonexistent.h' file not found
#include <ac_nonexistent.h>
         ^~~~~~~~~~~~~~~~~~
1 error generated.
configure:6001: $? = 1
configure: failed program was:
| /* confdefs.h */
| #define PACKAGE_NAME ""
| #define PACKAGE_TARNAME ""
| #define PACKAGE_VERSION ""
| #define PACKAGE_STRING ""
| #define PACKAGE_BUGREPORT ""
| #define PACKAGE_URL ""
| /* end confdefs.h.  */
| #include <ac_nonexistent.h>
configure:6026: result: gcc -E
configure:6046: gcc -E  conftest.c
configure:6046: $? = 0
configure:6060: gcc -E  conftest.c
conftest.c:9:10: fatal error: 'ac_nonexistent.h' file not found
#include <ac_nonexistent.h>
         ^~~~~~~~~~~~~~~~~~
1 error generated.
configure:6060: $? = 1
configure: failed program was:
| /* confdefs.h */
| #define PACKAGE_NAME ""
| #define PACKAGE_TARNAME ""
| #define PACKAGE_VERSION ""
| #define PACKAGE_STRING ""
| #define PACKAGE_BUGREPORT ""
| #define PACKAGE_URL ""
| /* end confdefs.h.  */
| #include <ac_nonexistent.h>
configure:6089: checking for ANSI C header files
configure:6109: gcc -c -g -O2  conftest.c >&5
configure:6109: $? = 0
configure:6182: gcc -o conftest -g -O2   conftest.c  >&5
configure:6182: $? = 0
configure:6182: ./conftest
configure:6182: $? = 0
configure:6193: result: yes
configure:6206: checking for sys/types.h
configure:6206: gcc -c -g -O2  conftest.c >&5
configure:6206: $? = 0
configure:6206: result: yes
configure:6206: checking for sys/stat.h
configure:6206: gcc -c -g -O2  conftest.c >&5
configure:6206: $? = 0
configure:6206: result: yes
configure:6206: checking for stdlib.h
configure:6206: gcc -c -g -O2  conftest.c >&5
configure:6206: $? = 0
configure:6206: result: yes
configure:6206: checking for string.h
configure:6206: gcc -c -g -O2  conftest.c >&5
configure:6206: $? = 0
configure:6206: result: yes
configure:6206: checking for memory.h
configure:6206: gcc -c -g -O2  conftest.c >&5
configure:6206: $? = 0
configure:6206: result: yes
configure:6206: checking for strings.h
configure:6206: gcc -c -g -O2  conftest.c >&5
configure:6206: $? = 0
configure:6206: result: yes
configure:6206: checking for inttypes.h
configure:6206: gcc -c -g -O2  conftest.c >&5
configure:6206: $? = 0
configure:6206: result: yes
configure:6206: checking for stdint.h
configure:6206: gcc -c -g -O2  conftest.c >&5
configure:6206: $? = 0
configure:6206: result: yes
configure:6206: checking for unistd.h
configure:6206: gcc -c -g -O2  conftest.c >&5
configure:6206: $? = 0
configure:6206: result: yes
configure:6220: checking for dlfcn.h
configure:6220: gcc -c -g -O2  conftest.c >&5
configure:6220: $? = 0
configure:6220: result: yes
configure:6702: checking for objdir
configure:6717: result: .libs
configure:7013: checking if gcc supports -fno-rtti -fno-exceptions
configure:7031: gcc -c -g -O2  -fno-rtti -fno-exceptions conftest.c >&5
configure:7035: $? = 0
configure:7048: result: yes
configure:7068: checking for gcc option to produce PIC
configure:7340: result: -fno-common -DPIC
configure:7352: checking if gcc PIC flag -fno-common -DPIC works
configure:7370: gcc -c -g -O2  -fno-common -DPIC -DPIC conftest.c >&5
configure:7374: $? = 0
configure:7387: result: yes
configure:7411: checking if gcc static flag -static works
configure:7439: result: no
configure:7454: checking if gcc supports -c -o file.o
configure:7475: gcc -c -g -O2  -o out/conftest2.o conftest.c >&5
configure:7479: $? = 0
configure:7501: result: yes
configure:7509: checking if gcc supports -c -o file.o
configure:7556: result: yes
configure:7589: checking whether the gcc linker (/Applications/Xcode.app/Contents/Developer/Toolchains/XcodeDefault.xctoolchain/usr/bin/ld) supports shared libraries
configure:8575: result: yes
configure:8814: checking dynamic linker characteristics
configure:9467: result: darwin16.7.0 dyld
configure:9569: checking how to hardcode library paths into programs
configure:9594: result: immediate
configure:10114: checking whether stripping libraries is possible
configure:10128: result: yes
configure:10154: checking if libtool supports shared libraries
configure:10156: result: yes
configure:10159: checking whether to build shared libraries
configure:10180: result: yes
configure:10183: checking whether to build static libraries
configure:10187: result: yes
configure:10251: checking for a BSD-compatible install
configure:10319: result: /usr/bin/install -c
configure:10330: checking whether build environment is sane
configure:10385: result: yes
configure:10536: checking for a thread-safe mkdir -p
configure:10575: result: ../SDL2_image-2.0.1/install-sh -c -d
configure:10582: checking for gawk
configure:10612: result: no
configure:10582: checking for mawk
configure:10612: result: no
configure:10582: checking for nawk
configure:10612: result: no
configure:10582: checking for awk
configure:10598: found /usr/bin/awk
configure:10609: result: awk
configure:10620: checking whether make sets $(MAKE)
configure:10642: result: yes
configure:10672: checking for style of include used by make
configure:10700: result: GNU
configure:10734: checking whether make supports nested variables
configure:10751: result: yes
configure:10832: checking dependency style of gcc
configure:10943: result: gcc3
configure:11009: checking for gcc
configure:11036: result: gcc
configure:11265: checking for C compiler version
configure:11274: gcc --version >&5
Apple LLVM version 9.0.0 (clang-900.0.38)
Target: x86_64-apple-darwin16.7.0
Thread model: posix
InstalledDir: /Applications/Xcode.app/Contents/Developer/Toolchains/XcodeDefault.xctoolchain/usr/bin
Configured with: --prefix=/Applications/Xcode.app/Contents/Developer/usr --with-gxx-include-dir=/usr/include/c++/4.2.1
configure:11285: $? = 0
configure:11274: gcc -v >&5
Configured with: --prefix=/Applications/Xcode.app/Contents/Developer/usr --with-gxx-include-dir=/usr/include/c++/4.2.1
Apple LLVM version 9.0.0 (clang-900.0.38)
Target: x86_64-apple-darwin16.7.0
Thread model: posix
InstalledDir: /Applications/Xcode.app/Contents/Developer/Toolchains/XcodeDefault.xctoolchain/usr/bin
configure:11285: $? = 0
configure:11274: gcc -V >&5
clang: error: argument to '-V' is missing (expected 1 value)
clang: error: no input files
configure:11285: $? = 1
configure:11274: gcc -qversion >&5
clang: error: unknown argument: '-qversion'
clang: error: no input files
configure:11285: $? = 1
configure:11289: checking whether we are using the GNU C compiler
configure:11317: result: yes
configure:11326: checking whether gcc accepts -g
configure:11387: result: yes
configure:11404: checking for gcc option to accept ISO C89
configure:11480: result: none needed
configure:11554: checking for gcc
configure:11570: found /usr/bin/gcc
configure:11581: result: gcc
configure:11606: checking for Objective C compiler version
configure:11615: gcc --version >&5
Apple LLVM version 9.0.0 (clang-900.0.38)
Target: x86_64-apple-darwin16.7.0
Thread model: posix
InstalledDir: /Applications/Xcode.app/Contents/Developer/Toolchains/XcodeDefault.xctoolchain/usr/bin
Configured with: --prefix=/Applications/Xcode.app/Contents/Developer/usr --with-gxx-include-dir=/usr/include/c++/4.2.1
configure:11626: $? = 0
configure:11615: gcc -v >&5
Configured with: --prefix=/Applications/Xcode.app/Contents/Developer/usr --with-gxx-include-dir=/usr/include/c++/4.2.1
Apple LLVM version 9.0.0 (clang-900.0.38)
Target: x86_64-apple-darwin16.7.0
Thread model: posix
InstalledDir: /Applications/Xcode.app/Contents/Developer/Toolchains/XcodeDefault.xctoolchain/usr/bin
configure:11626: $? = 0
configure:11615: gcc -V >&5
clang: error: argument to '-V' is missing (expected 1 value)
clang: error: no input files
configure:11626: $? = 1
configure:11615: gcc -qversion >&5
clang: error: unknown argument: '-qversion'
clang: error: no input files
configure:11626: $? = 1
configure:11630: checking whether we are using the GNU Objective C compiler
configure:11649: gcc -c   conftest.m >&5
configure:11649: $? = 0
configure:11658: result: yes
configure:11667: checking whether gcc accepts -g
configure:11687: gcc -c -g  conftest.m >&5
configure:11687: $? = 0
configure:11728: result: yes
configure:11753: checking dependency style of gcc
configure:11862: result: gcc3
configure:11877: checking for inline
configure:11893: gcc -c -g -O2  conftest.c >&5
configure:11893: $? = 0
configure:11901: result: inline
configure:11920: checking whether make sets $(MAKE)
configure:11942: result: yes
configure:11960: checking for windres
configure:11990: result: no
configure:11960: checking for darwin16.7.0-windres
configure:11990: result: no
configure:12121: checking for pkg-config
configure:12154: result: no
configure:12217: checking for SDL
configure:12312: checking for sdl2-config
configure:12330: found /Users/phmoulin/project/git_cv/rt/SDL2/bin/sdl2-config
configure:12343: result: /Users/phmoulin/project/git_cv/rt/SDL2/bin/sdl2-config
configure:12352: checking for SDL - version >= 2.0.0
configure:12440: gcc -o conftest -g -O2 -I/Users/phmoulin/project/git_cv/rt/SDL2/include/SDL2 -D_THREAD_SAFE   conftest.c  -L/Users/phmoulin/project/git_cv/rt/SDL2/lib -lSDL2 >&5
configure:12440: $? = 0
configure:12440: ./conftest
configure:12440: $? = 0
configure:12455: result: yes
configure:12653: checking for ImageIO support
configure:12655: result: yes
configure:13003: checking for LIBWEBP
configure:13110: checking webp/decode.h usability
configure:13110: gcc -c -g -O2 -I/Users/phmoulin/project/git_cv/rt/SDL2/include/SDL2 -D_THREAD_SAFE  conftest.c >&5
conftest.c:56:10: fatal error: 'webp/decode.h' file not found
#include <webp/decode.h>
         ^~~~~~~~~~~~~~~
1 error generated.
configure:13110: $? = 1
configure: failed program was:
| /* confdefs.h */
| #define PACKAGE_NAME ""
| #define PACKAGE_TARNAME ""
| #define PACKAGE_VERSION ""
| #define PACKAGE_STRING ""
| #define PACKAGE_BUGREPORT ""
| #define PACKAGE_URL ""
| #define STDC_HEADERS 1
| #define HAVE_SYS_TYPES_H 1
| #define HAVE_SYS_STAT_H 1
| #define HAVE_STDLIB_H 1
| #define HAVE_STRING_H 1
| #define HAVE_MEMORY_H 1
| #define HAVE_STRINGS_H 1
| #define HAVE_INTTYPES_H 1
| #define HAVE_STDINT_H 1
| #define HAVE_UNISTD_H 1
| #define HAVE_DLFCN_H 1
| #define LT_OBJDIR ".libs/"
| #define PACKAGE "SDL2_image"
| #define VERSION "2.0.1"
| /* end confdefs.h.  */
| #include <stdio.h>
| #ifdef HAVE_SYS_TYPES_H
| # include <sys/types.h>
| #endif
| #ifdef HAVE_SYS_STAT_H
| # include <sys/stat.h>
| #endif
| #ifdef STDC_HEADERS
| # include <stdlib.h>
| # include <stddef.h>
| #else
| # ifdef HAVE_STDLIB_H
| #  include <stdlib.h>
| # endif
| #endif
| #ifdef HAVE_STRING_H
| # if !defined STDC_HEADERS && defined HAVE_MEMORY_H
| #  include <memory.h>
| # endif
| # include <string.h>
| #endif
| #ifdef HAVE_STRINGS_H
| # include <strings.h>
| #endif
| #ifdef HAVE_INTTYPES_H
| # include <inttypes.h>
| #endif
| #ifdef HAVE_STDINT_H
| # include <stdint.h>
| #endif
| #ifdef HAVE_UNISTD_H
| # include <unistd.h>
| #endif
| #include <webp/decode.h>
configure:13110: result: no
configure:13110: checking webp/decode.h presence
configure:13110: gcc -E  conftest.c
conftest.c:23:10: fatal error: 'webp/decode.h' file not found
#include <webp/decode.h>
         ^~~~~~~~~~~~~~~
1 error generated.
configure:13110: $? = 1
configure: failed program was:
| /* confdefs.h */
| #define PACKAGE_NAME ""
| #define PACKAGE_TARNAME ""
| #define PACKAGE_VERSION ""
| #define PACKAGE_STRING ""
| #define PACKAGE_BUGREPORT ""
| #define PACKAGE_URL ""
| #define STDC_HEADERS 1
| #define HAVE_SYS_TYPES_H 1
| #define HAVE_SYS_STAT_H 1
| #define HAVE_STDLIB_H 1
| #define HAVE_STRING_H 1
| #define HAVE_MEMORY_H 1
| #define HAVE_STRINGS_H 1
| #define HAVE_INTTYPES_H 1
| #define HAVE_STDINT_H 1
| #define HAVE_UNISTD_H 1
| #define HAVE_DLFCN_H 1
| #define LT_OBJDIR ".libs/"
| #define PACKAGE "SDL2_image"
| #define VERSION "2.0.1"
| /* end confdefs.h.  */
| #include <webp/decode.h>
configure:13110: result: no
configure:13110: checking for webp/decode.h
configure:13110: result: no
configure:13116: checking for WebPGetDecoderVersion in -lwebp
configure:13141: gcc -o conftest -g -O2 -I/Users/phmoulin/project/git_cv/rt/SDL2/include/SDL2 -D_THREAD_SAFE   conftest.c -lwebp -lm  -L/Users/phmoulin/project/git_cv/rt/SDL2/lib -lSDL2 >&5
ld: library not found for -lwebp
clang: error: linker command failed with exit code 1 (use -v to see invocation)
configure:13141: $? = 1
configure: failed program was:
| /* confdefs.h */
| #define PACKAGE_NAME ""
| #define PACKAGE_TARNAME ""
| #define PACKAGE_VERSION ""
| #define PACKAGE_STRING ""
| #define PACKAGE_BUGREPORT ""
| #define PACKAGE_URL ""
| #define STDC_HEADERS 1
| #define HAVE_SYS_TYPES_H 1
| #define HAVE_SYS_STAT_H 1
| #define HAVE_STDLIB_H 1
| #define HAVE_STRING_H 1
| #define HAVE_MEMORY_H 1
| #define HAVE_STRINGS_H 1
| #define HAVE_INTTYPES_H 1
| #define HAVE_STDINT_H 1
| #define HAVE_UNISTD_H 1
| #define HAVE_DLFCN_H 1
| #define LT_OBJDIR ".libs/"
| #define PACKAGE "SDL2_image"
| #define VERSION "2.0.1"
| /* end confdefs.h.  */
| 
| /* Override any GCC internal prototype to avoid an error.
|    Use char because int might match the return type of a GCC
|    builtin and then its argument prototype would still apply.  */
| #ifdef __cplusplus
| extern "C"
| #endif
| char WebPGetDecoderVersion ();
| int
| main ()
| {
| return WebPGetDecoderVersion ();
|   ;
|   return 0;
| }
configure:13150: result: no
configure:13186: WARNING: *** Unable to find WEBP library (http://code.google.com/intl/en-US/speed/webp/index.html)
configure:13188: WARNING: WEBP Pimage loading disabled
configure:13443: checking that generated files are newer than configure
configure:13449: result: done
configure:13484: creating ./config.status

## ---------------------- ##
## Running config.status. ##
## ---------------------- ##

This file was extended by config.status, which was
generated by GNU Autoconf 2.69.  Invocation command line was

  CONFIG_FILES    = 
  CONFIG_HEADERS  = 
  CONFIG_LINKS    = 
  CONFIG_COMMANDS = 
  $ ./config.status 

on e2r1p14.42.fr

config.status:1020: creating Makefile
config.status:1020: creating SDL2_image.spec
config.status:1020: creating SDL2_image.pc
config.status:1177: executing libtool commands
config.status:1177: executing depfiles commands

## ---------------- ##
## Cache variables. ##
## ---------------- ##

ac_cv_build=x86_64-apple-darwin16.7.0
ac_cv_c_compiler_gnu=yes
ac_cv_c_inline=inline
ac_cv_env_CC_set=
ac_cv_env_CC_value=
ac_cv_env_CFLAGS_set=
ac_cv_env_CFLAGS_value=
ac_cv_env_CPPFLAGS_set=
ac_cv_env_CPPFLAGS_value=
ac_cv_env_CPP_set=
ac_cv_env_CPP_value=
ac_cv_env_LDFLAGS_set=
ac_cv_env_LDFLAGS_value=
ac_cv_env_LIBPNG_CFLAGS_set=
ac_cv_env_LIBPNG_CFLAGS_value=
ac_cv_env_LIBPNG_LIBS_set=
ac_cv_env_LIBPNG_LIBS_value=
ac_cv_env_LIBS_set=
ac_cv_env_LIBS_value=
ac_cv_env_LIBWEBP_CFLAGS_set=
ac_cv_env_LIBWEBP_CFLAGS_value=
ac_cv_env_LIBWEBP_LIBS_set=
ac_cv_env_LIBWEBP_LIBS_value=
ac_cv_env_OBJCFLAGS_set=
ac_cv_env_OBJCFLAGS_value=
ac_cv_env_OBJC_set=
ac_cv_env_OBJC_value=
ac_cv_env_PKG_CONFIG_set=
ac_cv_env_PKG_CONFIG_value=
ac_cv_env_SDL_CFLAGS_set=
ac_cv_env_SDL_CFLAGS_value=
ac_cv_env_SDL_LIBS_set=
ac_cv_env_SDL_LIBS_value=
ac_cv_env_build_alias_set=
ac_cv_env_build_alias_value=
ac_cv_env_host_alias_set=
ac_cv_env_host_alias_value=
ac_cv_env_target_alias_set=
ac_cv_env_target_alias_value=
ac_cv_header_dlfcn_h=yes
ac_cv_header_inttypes_h=yes
ac_cv_header_memory_h=yes
ac_cv_header_stdc=yes
ac_cv_header_stdint_h=yes
ac_cv_header_stdlib_h=yes
ac_cv_header_string_h=yes
ac_cv_header_strings_h=yes
ac_cv_header_sys_stat_h=yes
ac_cv_header_sys_types_h=yes
ac_cv_header_unistd_h=yes
ac_cv_header_webp_decode_h=no
ac_cv_host=x86_64-apple-darwin16.7.0
ac_cv_lib_webp_WebPGetDecoderVersion=no
ac_cv_objc_compiler_gnu=yes
ac_cv_objext=o
ac_cv_path_EGREP='/usr/bin/grep -E'
ac_cv_path_FGREP='/usr/bin/grep -F'
ac_cv_path_GREP=/usr/bin/grep
ac_cv_path_SDL2_CONFIG=/Users/phmoulin/project/git_cv/rt/SDL2/bin/sdl2-config
ac_cv_path_SED=/usr/bin/sed
ac_cv_path_install='/usr/bin/install -c'
ac_cv_prog_AWK=awk
ac_cv_prog_CPP='gcc -E'
ac_cv_prog_ac_ct_AR=ar
ac_cv_prog_ac_ct_CC=gcc
ac_cv_prog_ac_ct_DSYMUTIL=dsymutil
ac_cv_prog_ac_ct_LIPO=lipo
ac_cv_prog_ac_ct_NMEDIT=nmedit
ac_cv_prog_ac_ct_OBJC=gcc
ac_cv_prog_ac_ct_OBJDUMP=objdump
ac_cv_prog_ac_ct_OTOOL=otool
ac_cv_prog_ac_ct_RANLIB=ranlib
ac_cv_prog_ac_ct_STRIP=strip
ac_cv_prog_cc_c89=
ac_cv_prog_cc_g=yes
ac_cv_prog_make_make_set=yes
ac_cv_prog_objc_g=yes
am_cv_CC_dependencies_compiler_type=gcc3
am_cv_OBJC_dependencies_compiler_type=gcc3
am_cv_make_support_nested_variables=yes
lt_cv_apple_cc_single_mod=yes
lt_cv_deplibs_check_method=pass_all
lt_cv_file_magic_cmd='$MAGIC_CMD'
lt_cv_file_magic_test_file=
lt_cv_ld_exported_symbols_list=yes
lt_cv_ld_reload_flag=-r
lt_cv_nm_interface='BSD nm'
lt_cv_objdir=.libs
lt_cv_path_LD=/Applications/Xcode.app/Contents/Developer/Toolchains/XcodeDefault.xctoolchain/usr/bin/ld
lt_cv_path_NM='/usr/bin/nm -B'
lt_cv_prog_compiler_c_o=yes
lt_cv_prog_compiler_pic_works=yes
lt_cv_prog_compiler_rtti_exceptions=yes
lt_cv_prog_compiler_static_works=no
lt_cv_prog_gnu_ld=no
lt_cv_sys_global_symbol_pipe='sed -n -e '\''s/^.*[	 ]\([BCDEGRST][BCDEGRST]*\)[	 ][	 ]*_\([_A-Za-z][_A-Za-z0-9]*\)$/\1 _\2 \2/p'\'''
lt_cv_sys_global_symbol_to_c_name_address='sed -n -e '\''s/^: \([^ ]*\) $/  {\"\1\", (void *) 0},/p'\'' -e '\''s/^[BCDEGRST]* \([^ ]*\) \([^ ]*\)$/  {"\2", (void *) \&\2},/p'\'''
lt_cv_sys_global_symbol_to_c_name_address_lib_prefix='sed -n -e '\''s/^: \([^ ]*\) $/  {\"\1\", (void *) 0},/p'\'' -e '\''s/^[BCDEGRST]* \([^ ]*\) \(lib[^ ]*\)$/  {"\2", (void *) \&\2},/p'\'' -e '\''s/^[BCDEGRST]* \([^ ]*\) \([^ ]*\)$/  {"lib\2", (void *) \&\2},/p'\'''
lt_cv_sys_global_symbol_to_cdecl='sed -n -e '\''s/^T .* \(.*\)$/extern int \1();/p'\'' -e '\''s/^[BCDEGRST]* .* \(.*\)$/extern char \1;/p'\'''
lt_cv_sys_max_cmd_len=196608

## ----------------- ##
## Output variables. ##
## ----------------- ##

ACLOCAL='${SHELL} /Users/phmoulin/project/git_cv/rt/SDL2_image-2.0.1/missing aclocal-1.13'
AMDEPBACKSLASH='\'
AMDEP_FALSE='#'
AMDEP_TRUE=''
AMTAR='$${TAR-tar}'
AM_BACKSLASH='\'
AM_DEFAULT_V='$(AM_DEFAULT_VERBOSITY)'
AM_DEFAULT_VERBOSITY='1'
AM_V='$(V)'
AR='ar'
AS='as'
AUTOCONF='${SHELL} /Users/phmoulin/project/git_cv/rt/SDL2_image-2.0.1/missing autoconf'
AUTOHEADER='${SHELL} /Users/phmoulin/project/git_cv/rt/SDL2_image-2.0.1/missing autoheader'
AUTOMAKE='${SHELL} /Users/phmoulin/project/git_cv/rt/SDL2_image-2.0.1/missing automake-1.13'
AWK='awk'
BINARY_AGE='1'
CC='gcc'
CCDEPMODE='depmode=gcc3'
CFLAGS='-g -O2 -I/Users/phmoulin/project/git_cv/rt/SDL2/include/SDL2 -D_THREAD_SAFE'
CPP='gcc -E'
CPPFLAGS=''
CYGPATH_W='echo'
DEFS='-DPACKAGE_NAME=\"\" -DPACKAGE_TARNAME=\"\" -DPACKAGE_VERSION=\"\" -DPACKAGE_STRING=\"\" -DPACKAGE_BUGREPORT=\"\" -DPACKAGE_URL=\"\" -DSTDC_HEADERS=1 -DHAVE_SYS_TYPES_H=1 -DHAVE_SYS_STAT_H=1 -DHAVE_STDLIB_H=1 -DHAVE_STRING_H=1 -DHAVE_MEMORY_H=1 -DHAVE_STRINGS_H=1 -DHAVE_INTTYPES_H=1 -DHAVE_STDINT_H=1 -DHAVE_UNISTD_H=1 -DHAVE_DLFCN_H=1 -DLT_OBJDIR=\".libs/\" -DPACKAGE=\"SDL2_image\" -DVERSION=\"2.0.1\" -DLOAD_BMP=1 -DLOAD_GIF=1 -DLOAD_LBM=1 -DLOAD_PCX=1 -DLOAD_PNM=1 -DLOAD_TGA=1 -DLOAD_XCF=1 -DLOAD_XPM=1 -DLOAD_XV=1'
DEPDIR='.deps'
DLLTOOL='dlltool'
DSYMUTIL='dsymutil'
DUMPBIN=''
ECHO_C='\c'
ECHO_N=''
ECHO_T=''
EGREP='/usr/bin/grep -E'
EXEEXT=''
FGREP='/usr/bin/grep -F'
GREP='/usr/bin/grep'
IMG_LIBS='-Wl,-framework,ApplicationServices -lobjc '
INSTALL_DATA='${INSTALL} -m 644'
INSTALL_PROGRAM='${INSTALL}'
INSTALL_SCRIPT='${INSTALL}'
INSTALL_STRIP_PROGRAM='$(install_sh) -c -s'
INTERFACE_AGE='1'
LD='/Applications/Xcode.app/Contents/Developer/Toolchains/XcodeDefault.xctoolchain/usr/bin/ld'
LDFLAGS=''
LIBOBJS=''
LIBPNG_CFLAGS=''
LIBPNG_LIBS=''
LIBS=' -L/Users/phmoulin/project/git_cv/rt/SDL2/lib -lSDL2'
LIBTOOL='$(SHELL) $(top_builddir)/libtool'
LIBWEBP_CFLAGS=''
LIBWEBP_LIBS=''
LIPO='lipo'
LN_S='ln -s'
LTLIBOBJS=''
LT_AGE='0'
LT_CURRENT='0'
LT_RELEASE='2.0'
LT_REVISION='1'
MAJOR_VERSION='2'
MAKEINFO='${SHELL} /Users/phmoulin/project/git_cv/rt/SDL2_image-2.0.1/missing makeinfo'
MICRO_VERSION='1'
MINOR_VERSION='0'
MKDIR_P='../SDL2_image-2.0.1/install-sh -c -d'
NM='/usr/bin/nm -B'
NMEDIT='nmedit'
OBJC='gcc'
OBJCDEPMODE='depmode=gcc3'
OBJCFLAGS='-g -O2 -I/Users/phmoulin/project/git_cv/rt/SDL2/include/SDL2 -D_THREAD_SAFE'
OBJDUMP='objdump'
OBJEXT='o'
OTOOL64=':'
OTOOL='otool'
PACKAGE='SDL2_image'
PACKAGE_BUGREPORT=''
PACKAGE_NAME=''
PACKAGE_STRING=''
PACKAGE_TARNAME=''
PACKAGE_URL=''
PACKAGE_VERSION=''
PATH_SEPARATOR=':'
PKG_CONFIG=''
RANLIB='ranlib'
SDL2_CONFIG='/Users/phmoulin/project/git_cv/rt/SDL2/bin/sdl2-config'
SDL_CFLAGS='-I/Users/phmoulin/project/git_cv/rt/SDL2/include/SDL2 -D_THREAD_SAFE'
SDL_LIBS='-L/Users/phmoulin/project/git_cv/rt/SDL2/lib -lSDL2'
SDL_VERSION='2.0.0'
SED='/usr/bin/sed'
SET_MAKE=''
SHELL='/bin/sh'
STRIP='strip'
USE_IMAGEIO_FALSE='#'
USE_IMAGEIO_TRUE=''
USE_VERSION_RC_FALSE=''
USE_VERSION_RC_TRUE='#'
VERSION='2.0.1'
WINDRES=''
ac_ct_CC='gcc'
ac_ct_DUMPBIN=''
ac_ct_OBJC='gcc'
am__EXEEXT_FALSE=''
am__EXEEXT_TRUE='#'
am__fastdepCC_FALSE='#'
am__fastdepCC_TRUE=''
am__fastdepOBJC_FALSE='#'
am__fastdepOBJC_TRUE=''
am__include='include'
am__isrc=' -I$(srcdir)'
am__leading_dot='.'
am__nodep='_no'
am__quote=''
am__tar='$${TAR-tar} chof - "$$tardir"'
am__untar='$${TAR-tar} xf -'
bindir='${exec_prefix}/bin'
build='x86_64-apple-darwin16.7.0'
build_alias=''
build_cpu='x86_64'
build_os='darwin16.7.0'
build_vendor='apple'
datadir='${datarootdir}'
datarootdir='${prefix}/share'
docdir='${datarootdir}/doc/${PACKAGE}'
dvidir='${docdir}'
exec_prefix='${prefix}'
host='x86_64-apple-darwin16.7.0'
host_alias=''
host_cpu='x86_64'
host_os='darwin16.7.0'
host_vendor='apple'
htmldir='${docdir}'
includedir='${prefix}/include'
infodir='${datarootdir}/info'
install_sh='${SHELL} /Users/phmoulin/project/git_cv/rt/SDL2_image-2.0.1/install-sh'
libdir='${exec_prefix}/lib'
libexecdir='${exec_prefix}/libexec'
localedir='${datarootdir}/locale'
localstatedir='${prefix}/var'
lt_ECHO='/bin/echo'
mandir='${datarootdir}/man'
mkdir_p='$(MKDIR_P)'
oldincludedir='/usr/include'
pdfdir='${docdir}'
prefix='/Users/phmoulin/project/git_cv/rt/SDL2'
program_transform_name='s,x,x,'
psdir='${docdir}'
sbindir='${exec_prefix}/sbin'
sharedstatedir='${prefix}/com'
sysconfdir='${prefix}/etc'
target_alias=''

## ----------- ##
## confdefs.h. ##
## ----------- ##

/* confdefs.h */
#define PACKAGE_NAME ""
#define PACKAGE_TARNAME ""
#define PACKAGE_VERSION ""
#define PACKAGE_STRING ""
#define PACKAGE_BUGREPORT ""
#define PACKAGE_URL ""
#define STDC_HEADERS 1
#define HAVE_SYS_TYPES_H 1
#define HAVE_SYS_STAT_H 1
#define HAVE_STDLIB_H 1
#define HAVE_STRING_H 1
#define HAVE_MEMORY_H 1
#define HAVE_STRINGS_H 1
#define HAVE_INTTYPES_H 1
#define HAVE_STDINT_H 1
#define HAVE_UNISTD_H 1
#define HAVE_DLFCN_H 1
#define LT_OBJDIR ".libs/"
#define PACKAGE "SDL2_image"
#define VERSION "2.0.1"
#define LOAD_BMP 1
#define LOAD_GIF 1
#define LOAD_LBM 1
#define LOAD_PCX 1
#define LOAD_PNM 1
#define LOAD_TGA 1
#define LOAD_XCF 1
#define LOAD_XPM 1
#define LOAD_XV 1

configure: exit 0
